Conflit à l'état 31 entre la règle 20 et le terminal OR résolu par réduction.
Conflit à l'état 41 entre la règle 35 et le terminal OR résolu par réduction.
Conflit à l'état 41 entre la règle 35 et le terminal AND résolu par décalage.
Conflit à l'état 42 entre la règle 34 et le terminal OR résolu par réduction.
Conflit à l'état 42 entre la règle 34 et le terminal AND résolu par réduction.


Non-terminaux inutiles:

   EXPR1
   EXPR2


Terminaux non utilisés:

   DL
   PRS
   INT
   EDL
   EPRS
   EIN
   DECOL


Règles inutiles:

#36    EXPR1: DECOL '(' FONC ')';
#37    EXPR1: '(' EXPR1 ')';
#38    EXPR1: EXPR1 OR EXPR1;
#39    EXPR2: DECOL '(' FONC ')';
#40    EXPR2: IDENT;
#41    EXPR2: '(' EXPR2 ')';
#42    EXPR2: EXPR2 OR EXPR2;


L'état 7 contient 1 conflit par décalage/réduction.


Grammaire

  Nombre, ligne, règle
    1  91 OP -> EQ
    2  91 OP -> NOT EQ
    3  91 OP -> LT
    4  91 OP -> LT EQ
    5  91 OP -> NOT LT
    6  91 OP -> NOT LT EQ
    7  91 OP -> GT
    8  91 OP -> GT EQ
    9  91 OP -> NOT GT
   10  91 OP -> NOT GT EQ
   11  93 @1 -> /* vide */
   12  93 VARS -> ID @1 ',' VARS
   13 104 VARS -> ID
   14 117 PROJECTING -> IDEN
   15 120 PROJECTING -> MINUS
   16 126 PERS -> PROJECTING ',' PERS
   17 126 PERS -> PROJECTING
   18 128 @2 -> /* vide */
   19 128 PROJ -> @2 '[' PERS ']' '(' ID ')'
   20 163 CONST -> CONST OR CONST
   21 178 @3 -> /* vide */
   22 178 CONST -> @3 IDENT LT VARS GT
   23 192 @4 -> /* vide */
   24 192 CONST -> @4 LT VARS GT
   25 205 FONC -> ID
   26 224 @5 -> /* vide */
   27 224 FORMULES -> ID ':' ATOMIC @5 ';' FORMULES
   28 241 FORMULES -> /* vide */
   29 243 ATOMIC -> EXPR3 OP EXPR3
   30 285 EXPR3 -> FONC
   31 293 EXPR3 -> CONST
   32 302 EXPR3 -> PROJ
   33 311 EXPR3 -> '(' EXPR3 ')'
   34 312 EXPR3 -> EXPR3 AND EXPR3
   35 349 EXPR3 -> EXPR3 OR EXPR3


Terminaux, suivis des règles où ils apparaissent

$ (-1)
'(' (40) 19 33 36 37 39 41
')' (41) 19 33 36 37 39 41
',' (44) 12 16
':' (58) 27
';' (59) 27
'[' (91) 19
']' (93) 19
error (256)
IDENT (257) 22 40
ID (258) 12 13 19 25 27
DL (259)
PRS (260)
INT (261)
EDL (262)
EPRS (263)
EIN (264)
NOT (265) 2 5 6 9 10
EQ (266) 1 2 4 6 8 10
LT (267) 3 4 5 6 22 24
GT (268) 7 8 9 10 22 24
OR (269) 20 35 38 42
AND (270) 34
DECOL (271) 36 39
MINUS (272) 15
IDEN (273) 14


Non-terminaux, suivis des règles où ils apparaissent

OP (27)
    à gauche: 1 2 3 4 5 6 7 8 9 10, à droite: 29
VARS (28)
    à gauche: 12 13, à droite: 12 22 24
@1 (29)
    à gauche: 11, à droite: 12
PROJECTING (30)
    à gauche: 14 15, à droite: 16 17
PERS (31)
    à gauche: 16 17, à droite: 16 19
PROJ (32)
    à gauche: 19, à droite: 32
@2 (33)
    à gauche: 18, à droite: 19
CONST (34)
    à gauche: 20 22 24, à droite: 20 31
@3 (35)
    à gauche: 21, à droite: 22
@4 (36)
    à gauche: 23, à droite: 24
FONC (37)
    à gauche: 25, à droite: 30 36 39
FORMULES (38)
    à gauche: 27 28, à droite: 27
@5 (39)
    à gauche: 26, à droite: 27
ATOMIC (40)
    à gauche: 29, à droite: 27
EXPR3 (41)
    à gauche: 30 31 32 33 34 35, à droite: 29 33 34 35


état 0

    ID  	décalage et aller à l'état 1

    $défaut	réduction par la règle 28 (FORMULES)

    FORMULES	aller à l'état 59



état 1

    FORMULES  ->  ID . ':' ATOMIC @5 ';' FORMULES   (règle 27)

    ':' 	décalage et aller à l'état 2



état 2

    FORMULES  ->  ID ':' . ATOMIC @5 ';' FORMULES   (règle 27)

    ID  	décalage et aller à l'état 3
    '(' 	décalage et aller à l'état 4

    IDENT	réduction par la règle 21 (@3)
    LT  	réduction par la règle 23 (@4)
    $défaut	réduction par la règle 18 (@2)
    PROJ	aller à l'état 5
    @2  	aller à l'état 6
    CONST	aller à l'état 7
    @3  	aller à l'état 8
    @4  	aller à l'état 9
    FONC	aller à l'état 10
    ATOMIC	aller à l'état 11
    EXPR3	aller à l'état 12



état 3

    FONC  ->  ID .   (règle 25)

    $défaut	réduction par la règle 25 (FONC)



état 4

    EXPR3  ->  '(' . EXPR3 ')'   (règle 33)

    ID  	décalage et aller à l'état 3
    '(' 	décalage et aller à l'état 4

    IDENT	réduction par la règle 21 (@3)
    LT  	réduction par la règle 23 (@4)
    $défaut	réduction par la règle 18 (@2)
    PROJ	aller à l'état 5
    @2  	aller à l'état 6
    CONST	aller à l'état 7
    @3  	aller à l'état 8
    @4  	aller à l'état 9
    FONC	aller à l'état 10
    EXPR3	aller à l'état 13



état 5

    EXPR3  ->  PROJ .   (règle 32)

    $défaut	réduction par la règle 32 (EXPR3)



état 6

    PROJ  ->  @2 . '[' PERS ']' '(' ID ')'   (règle 19)

    '[' 	décalage et aller à l'état 14



état 7

    CONST  ->  CONST . OR CONST   (règle 20)
    EXPR3  ->  CONST .   (règle 31)

    OR  	décalage et aller à l'état 15

    OR  	[réduction par la règle 31 (EXPR3)]
    $défaut	réduction par la règle 31 (EXPR3)



état 8

    CONST  ->  @3 . IDENT LT VARS GT   (règle 22)

    IDENT	décalage et aller à l'état 16



état 9

    CONST  ->  @4 . LT VARS GT   (règle 24)

    LT  	décalage et aller à l'état 17



état 10

    EXPR3  ->  FONC .   (règle 30)

    $défaut	réduction par la règle 30 (EXPR3)



état 11

    FORMULES  ->  ID ':' ATOMIC . @5 ';' FORMULES   (règle 27)

    $défaut	réduction par la règle 26 (@5)

    @5  	aller à l'état 18



état 12

    ATOMIC  ->  EXPR3 . OP EXPR3   (règle 29)
    EXPR3  ->  EXPR3 . AND EXPR3   (règle 34)
    EXPR3  ->  EXPR3 . OR EXPR3   (règle 35)

    NOT 	décalage et aller à l'état 19
    EQ  	décalage et aller à l'état 20
    LT  	décalage et aller à l'état 21
    GT  	décalage et aller à l'état 22
    OR  	décalage et aller à l'état 23
    AND 	décalage et aller à l'état 24

    OP  	aller à l'état 25



état 13

    EXPR3  ->  '(' EXPR3 . ')'   (règle 33)
    EXPR3  ->  EXPR3 . AND EXPR3   (règle 34)
    EXPR3  ->  EXPR3 . OR EXPR3   (règle 35)

    OR  	décalage et aller à l'état 23
    AND 	décalage et aller à l'état 24
    ')' 	décalage et aller à l'état 26



état 14

    PROJ  ->  @2 '[' . PERS ']' '(' ID ')'   (règle 19)

    MINUS	décalage et aller à l'état 27
    IDEN	décalage et aller à l'état 28

    PROJECTING	aller à l'état 29
    PERS	aller à l'état 30



état 15

    CONST  ->  CONST OR . CONST   (règle 20)

    LT  	réduction par la règle 23 (@4)
    $défaut	réduction par la règle 21 (@3)
    CONST	aller à l'état 31
    @3  	aller à l'état 8
    @4  	aller à l'état 9



état 16

    CONST  ->  @3 IDENT . LT VARS GT   (règle 22)

    LT  	décalage et aller à l'état 32



état 17

    CONST  ->  @4 LT . VARS GT   (règle 24)

    ID  	décalage et aller à l'état 33

    VARS	aller à l'état 34



état 18

    FORMULES  ->  ID ':' ATOMIC @5 . ';' FORMULES   (règle 27)

    ';' 	décalage et aller à l'état 35



état 19

    OP  ->  NOT . EQ   (règle 2)
    OP  ->  NOT . LT   (règle 5)
    OP  ->  NOT . LT EQ   (règle 6)
    OP  ->  NOT . GT   (règle 9)
    OP  ->  NOT . GT EQ   (règle 10)

    EQ  	décalage et aller à l'état 36
    LT  	décalage et aller à l'état 37
    GT  	décalage et aller à l'état 38



état 20

    OP  ->  EQ .   (règle 1)

    $défaut	réduction par la règle 1 (OP)



état 21

    OP  ->  LT .   (règle 3)
    OP  ->  LT . EQ   (règle 4)

    EQ  	décalage et aller à l'état 39

    $défaut	réduction par la règle 3 (OP)



état 22

    OP  ->  GT .   (règle 7)
    OP  ->  GT . EQ   (règle 8)

    EQ  	décalage et aller à l'état 40

    $défaut	réduction par la règle 7 (OP)



état 23

    EXPR3  ->  EXPR3 OR . EXPR3   (règle 35)

    ID  	décalage et aller à l'état 3
    '(' 	décalage et aller à l'état 4

    IDENT	réduction par la règle 21 (@3)
    LT  	réduction par la règle 23 (@4)
    $défaut	réduction par la règle 18 (@2)
    PROJ	aller à l'état 5
    @2  	aller à l'état 6
    CONST	aller à l'état 7
    @3  	aller à l'état 8
    @4  	aller à l'état 9
    FONC	aller à l'état 10
    EXPR3	aller à l'état 41



état 24

    EXPR3  ->  EXPR3 AND . EXPR3   (règle 34)

    ID  	décalage et aller à l'état 3
    '(' 	décalage et aller à l'état 4

    IDENT	réduction par la règle 21 (@3)
    LT  	réduction par la règle 23 (@4)
    $défaut	réduction par la règle 18 (@2)
    PROJ	aller à l'état 5
    @2  	aller à l'état 6
    CONST	aller à l'état 7
    @3  	aller à l'état 8
    @4  	aller à l'état 9
    FONC	aller à l'état 10
    EXPR3	aller à l'état 42



état 25

    ATOMIC  ->  EXPR3 OP . EXPR3   (règle 29)

    ID  	décalage et aller à l'état 3
    '(' 	décalage et aller à l'état 4

    IDENT	réduction par la règle 21 (@3)
    LT  	réduction par la règle 23 (@4)
    $défaut	réduction par la règle 18 (@2)
    PROJ	aller à l'état 5
    @2  	aller à l'état 6
    CONST	aller à l'état 7
    @3  	aller à l'état 8
    @4  	aller à l'état 9
    FONC	aller à l'état 10
    EXPR3	aller à l'état 43



état 26

    EXPR3  ->  '(' EXPR3 ')' .   (règle 33)

    $défaut	réduction par la règle 33 (EXPR3)



état 27

    PROJECTING  ->  MINUS .   (règle 15)

    $défaut	réduction par la règle 15 (PROJECTING)



état 28

    PROJECTING  ->  IDEN .   (règle 14)

    $défaut	réduction par la règle 14 (PROJECTING)



état 29

    PERS  ->  PROJECTING . ',' PERS   (règle 16)
    PERS  ->  PROJECTING .   (règle 17)

    ',' 	décalage et aller à l'état 44

    $défaut	réduction par la règle 17 (PERS)



état 30

    PROJ  ->  @2 '[' PERS . ']' '(' ID ')'   (règle 19)

    ']' 	décalage et aller à l'état 45



état 31

    CONST  ->  CONST . OR CONST   (règle 20)
    CONST  ->  CONST OR CONST .   (règle 20)


    $défaut	réduction par la règle 20 (CONST)



état 32

    CONST  ->  @3 IDENT LT . VARS GT   (règle 22)

    ID  	décalage et aller à l'état 33

    VARS	aller à l'état 46



état 33

    VARS  ->  ID . @1 ',' VARS   (règle 12)
    VARS  ->  ID .   (règle 13)

    GT  	réduction par la règle 13 (VARS)
    $défaut	réduction par la règle 11 (@1)
    @1  	aller à l'état 47



état 34

    CONST  ->  @4 LT VARS . GT   (règle 24)

    GT  	décalage et aller à l'état 48



état 35

    FORMULES  ->  ID ':' ATOMIC @5 ';' . FORMULES   (règle 27)

    ID  	décalage et aller à l'état 1

    $défaut	réduction par la règle 28 (FORMULES)

    FORMULES	aller à l'état 49



état 36

    OP  ->  NOT EQ .   (règle 2)

    $défaut	réduction par la règle 2 (OP)



état 37

    OP  ->  NOT LT .   (règle 5)
    OP  ->  NOT LT . EQ   (règle 6)

    EQ  	décalage et aller à l'état 50

    $défaut	réduction par la règle 5 (OP)



état 38

    OP  ->  NOT GT .   (règle 9)
    OP  ->  NOT GT . EQ   (règle 10)

    EQ  	décalage et aller à l'état 51

    $défaut	réduction par la règle 9 (OP)



état 39

    OP  ->  LT EQ .   (règle 4)

    $défaut	réduction par la règle 4 (OP)



état 40

    OP  ->  GT EQ .   (règle 8)

    $défaut	réduction par la règle 8 (OP)



état 41

    EXPR3  ->  EXPR3 . AND EXPR3   (règle 34)
    EXPR3  ->  EXPR3 . OR EXPR3   (règle 35)
    EXPR3  ->  EXPR3 OR EXPR3 .   (règle 35)

    AND 	décalage et aller à l'état 24

    $défaut	réduction par la règle 35 (EXPR3)



état 42

    EXPR3  ->  EXPR3 . AND EXPR3   (règle 34)
    EXPR3  ->  EXPR3 AND EXPR3 .   (règle 34)
    EXPR3  ->  EXPR3 . OR EXPR3   (règle 35)


    $défaut	réduction par la règle 34 (EXPR3)



état 43

    ATOMIC  ->  EXPR3 OP EXPR3 .   (règle 29)
    EXPR3  ->  EXPR3 . AND EXPR3   (règle 34)
    EXPR3  ->  EXPR3 . OR EXPR3   (règle 35)

    OR  	décalage et aller à l'état 23
    AND 	décalage et aller à l'état 24

    $défaut	réduction par la règle 29 (ATOMIC)



état 44

    PERS  ->  PROJECTING ',' . PERS   (règle 16)

    MINUS	décalage et aller à l'état 27
    IDEN	décalage et aller à l'état 28

    PROJECTING	aller à l'état 29
    PERS	aller à l'état 52



état 45

    PROJ  ->  @2 '[' PERS ']' . '(' ID ')'   (règle 19)

    '(' 	décalage et aller à l'état 53



état 46

    CONST  ->  @3 IDENT LT VARS . GT   (règle 22)

    GT  	décalage et aller à l'état 54



état 47

    VARS  ->  ID @1 . ',' VARS   (règle 12)

    ',' 	décalage et aller à l'état 55



état 48

    CONST  ->  @4 LT VARS GT .   (règle 24)

    $défaut	réduction par la règle 24 (CONST)



état 49

    FORMULES  ->  ID ':' ATOMIC @5 ';' FORMULES .   (règle 27)

    $défaut	réduction par la règle 27 (FORMULES)



état 50

    OP  ->  NOT LT EQ .   (règle 6)

    $défaut	réduction par la règle 6 (OP)



état 51

    OP  ->  NOT GT EQ .   (règle 10)

    $défaut	réduction par la règle 10 (OP)



état 52

    PERS  ->  PROJECTING ',' PERS .   (règle 16)

    $défaut	réduction par la règle 16 (PERS)



état 53

    PROJ  ->  @2 '[' PERS ']' '(' . ID ')'   (règle 19)

    ID  	décalage et aller à l'état 56



état 54

    CONST  ->  @3 IDENT LT VARS GT .   (règle 22)

    $défaut	réduction par la règle 22 (CONST)



état 55

    VARS  ->  ID @1 ',' . VARS   (règle 12)

    ID  	décalage et aller à l'état 33

    VARS	aller à l'état 57



état 56

    PROJ  ->  @2 '[' PERS ']' '(' ID . ')'   (règle 19)

    ')' 	décalage et aller à l'état 58



état 57

    VARS  ->  ID @1 ',' VARS .   (règle 12)

    $défaut	réduction par la règle 12 (VARS)



état 58

    PROJ  ->  @2 '[' PERS ']' '(' ID ')' .   (règle 19)

    $défaut	réduction par la règle 19 (PROJ)



état 59

    $   	aller à l'état 60



état 60

    $   	aller à l'état 61



état 61

    $défaut	accepter


