autoscan: warning: missing AC_C_CONST wanted by: 
	src/interface.cpp:91
	src/interface.cpp:129
	src/interface.cpp:132
	src/interface.cpp:135
	src/interface.cpp:138
	src/interface.cpp:141
	src/interface.cpp:144
	src/interface.cpp:199
	src/interface.cpp:208
	src/interface.cpp:212
	src/interface.cpp:215
	src/interface.cpp:218
	src/interface.cpp:222
	src/interface.cpp:226
	src/interface.cpp:231
	src/interface.cpp:235
	src/interface.cpp:253
	src/interface.cpp:361
	src/interface.cpp:365
	src/interface.cpp:373
	src/interface.cpp:380
	src/interface.cpp:403
	src/interface.cpp:461
	src/interface.cpp:1112
	src/class.h:215
	src/class.h:228
	src/class.h:230
	src/class.h:232
	src/class.h:234
	src/class.h:236
	src/class.h:238
	src/class.h:300
	src/class.h:308
	src/class.h:310
	src/class.h:311
	src/class.h:312
	src/class.h:313
	src/class.h:314
	src/class.h:315
	src/class.h:316
	src/class.h:319
	src/class.h:324
	src/class.h:411
	src/class.h:413
	src/class.h:415
	src/class.h:418
	src/class.h:420
	src/class.h:452
	src/class.h:507
	src/class.h:509
	src/class.h:511
	src/class.h:514
	src/class.h:555
	src/class.h:557
	src/class.h:560
	src/class.h:562
	src/class.h:578
	src/class.h:607
	src/class.h:611
	src/class.h:631
	src/class.h:634
	src/class.h:642
	src/class.h:644
autoscan: warning: missing AC_C_INLINE wanted by: 
	src/interface.cpp:37
	src/interface.cpp:40
	src/interface.cpp:129
	src/interface.cpp:132
	src/interface.cpp:135
	src/interface.cpp:138
	src/interface.cpp:141
	src/interface.cpp:144
	src/interface.cpp:147
	src/interface.cpp:150
	src/interface.cpp:153
	src/interface.cpp:156
	src/interface.cpp:159
	src/interface.cpp:162
	src/interface.cpp:208
	src/interface.cpp:212
	src/interface.cpp:215
	src/interface.cpp:218
	src/interface.cpp:222
	src/interface.cpp:226
	src/interface.cpp:231
	src/interface.cpp:249
	src/interface.cpp:267
	src/interface.cpp:285
	src/interface.cpp:303
	src/interface.cpp:361
	src/interface.cpp:365
	src/interface.cpp:369
	src/interface.cpp:373
	src/interface.cpp:393
	src/interface.cpp:399
	src/interface.cpp:403
	src/interface.cpp:418
	src/interface.cpp:477
	src/class.h:514
autoscan: warning: missing AC_FUNC_MALLOC wanted by: 
	src/interface.cpp:3181
	src/interface.cpp:3438
	src/drawesrg.c:36
autoscan: warning: missing AC_FUNC_REALLOC wanted by: 
	src/interface.cpp:1218
	src/interface.cpp:1679
autoscan: warning: missing AC_HEADER_STDBOOL wanted by: 
	src/esrg1.cpp:39
autoscan: warning: missing AC_PROG_RANLIB wanted by: 
	ltmain.sh:6288
