This file contains any messages produced by compilers while
running configure, to aid debugging if configure makes a mistake.

It was created by configure, which was
generated by GNU Autoconf 2.61.  Invocation command line was

  $ ./configure 

## --------- ##
## Platform. ##
## --------- ##

hostname = saucisse-portable
uname -m = x86_64
uname -r = 3.13-1-amd64
uname -s = Linux
uname -v = #1 SMP Debian 3.13.10-1 (2014-04-15)

/usr/bin/uname -p = unknown
/bin/uname -X     = unknown

/bin/arch              = unknown
/usr/bin/arch -k       = unknown
/usr/convex/getsysinfo = unknown
/usr/bin/hostinfo      = unknown
/bin/machine           = unknown
/usr/bin/oslevel       = unknown
/bin/universe          = unknown

PATH: /home/alinard/.luarocks/bin
PATH: /home/alinard/local/bin
PATH: /usr/local/bin
PATH: /usr/bin
PATH: /bin
PATH: /usr/local/games
PATH: /usr/games
PATH: /home/alinard/local/bin
PATH: /sbin


## ----------- ##
## Core tests. ##
## ----------- ##

configure:1970: checking for a BSD-compatible install
configure:2026: result: /usr/bin/install -c
configure:2037: checking whether build environment is sane
configure:2080: result: yes
configure:2108: checking for a thread-safe mkdir -p
configure:2147: result: /bin/mkdir -p
configure:2160: checking for gawk
configure:2190: result: no
configure:2160: checking for mawk
configure:2176: found /usr/bin/mawk
configure:2187: result: mawk
configure:2198: checking whether /usr/bin/make sets $(MAKE)
configure:2219: result: yes
configure:2472: checking for g++
configure:2488: found /usr/bin/g++
configure:2499: result: g++
configure:2530: checking for C++ compiler version
configure:2537: g++ --version >&5
g++ (Debian 4.8.2-16) 4.8.2
Copyright (C) 2013 Free Software Foundation, Inc.
This is free software; see the source for copying conditions.  There is NO
warranty; not even for MERCHANTABILITY or FITNESS FOR A PARTICULAR PURPOSE.

configure:2540: $? = 0
configure:2547: g++ -v >&5
Using built-in specs.
COLLECT_GCC=g++
COLLECT_LTO_WRAPPER=/usr/lib/gcc/x86_64-linux-gnu/4.8/lto-wrapper
Target: x86_64-linux-gnu
Configured with: ../src/configure -v --with-pkgversion='Debian 4.8.2-16' --with-bugurl=file:///usr/share/doc/gcc-4.8/README.Bugs --enable-languages=c,c++,java,go,d,fortran,objc,obj-c++ --prefix=/usr --program-suffix=-4.8 --enable-shared --enable-linker-build-id --libexecdir=/usr/lib --without-included-gettext --enable-threads=posix --with-gxx-include-dir=/usr/include/c++/4.8 --libdir=/usr/lib --enable-nls --with-sysroot=/ --enable-clocale=gnu --enable-libstdcxx-debug --enable-libstdcxx-time=yes --enable-gnu-unique-object --disable-libmudflap --enable-plugin --with-system-zlib --disable-browser-plugin --enable-java-awt=gtk --enable-gtk-cairo --with-java-home=/usr/lib/jvm/java-1.5.0-gcj-4.8-amd64/jre --enable-java-home --with-jvm-root-dir=/usr/lib/jvm/java-1.5.0-gcj-4.8-amd64 --with-jvm-jar-dir=/usr/lib/jvm-exports/java-1.5.0-gcj-4.8-amd64 --with-arch-directory=amd64 --with-ecj-jar=/usr/share/java/eclipse-ecj.jar --enable-objc-gc --enable-multiarch --with-arch-32=i586 --with-abi=m64 --with-multilib-list=m32,m64,mx32 --with-tune=generic --enable-checking=release --build=x86_64-linux-gnu --host=x86_64-linux-gnu --target=x86_64-linux-gnu
Thread model: posix
gcc version 4.8.2 (Debian 4.8.2-16) 
configure:2550: $? = 0
configure:2557: g++ -V >&5
g++: error: unrecognized command line option '-V'
g++: fatal error: no input files
compilation terminated.
configure:2560: $? = 4
configure:2583: checking for C++ compiler default output file name
configure:2610: g++    conftest.cpp  >&5
configure:2613: $? = 0
configure:2651: result: a.out
configure:2668: checking whether the C++ compiler works
configure:2678: ./a.out
configure:2681: $? = 0
configure:2698: result: yes
configure:2705: checking whether we are cross compiling
configure:2707: result: no
configure:2710: checking for suffix of executables
configure:2717: g++ -o conftest    conftest.cpp  >&5
configure:2720: $? = 0
configure:2744: result: 
configure:2750: checking for suffix of object files
configure:2776: g++ -c   conftest.cpp >&5
configure:2779: $? = 0
configure:2802: result: o
configure:2806: checking whether we are using the GNU C++ compiler
configure:2835: g++ -c   conftest.cpp >&5
configure:2841: $? = 0
configure:2858: result: yes
configure:2863: checking whether g++ accepts -g
configure:2893: g++ -c -g  conftest.cpp >&5
configure:2899: $? = 0
configure:2998: result: yes
configure:3032: checking for style of include used by /usr/bin/make
configure:3060: result: GNU
configure:3085: checking dependency style of g++
configure:3176: result: gcc3
configure:3269: checking build system type
configure:3287: result: x86_64-unknown-linux-gnu
configure:3309: checking host system type
configure:3324: result: x86_64-unknown-linux-gnu
configure:3394: checking for gcc
configure:3421: result: /usr/bin/gcc
configure:3659: checking for C compiler version
configure:3666: /usr/bin/gcc --version >&5
gcc (Debian 4.8.2-16) 4.8.2
Copyright (C) 2013 Free Software Foundation, Inc.
This is free software; see the source for copying conditions.  There is NO
warranty; not even for MERCHANTABILITY or FITNESS FOR A PARTICULAR PURPOSE.

configure:3669: $? = 0
configure:3676: /usr/bin/gcc -v >&5
Using built-in specs.
COLLECT_GCC=/usr/bin/gcc
COLLECT_LTO_WRAPPER=/usr/lib/gcc/x86_64-linux-gnu/4.8/lto-wrapper
Target: x86_64-linux-gnu
Configured with: ../src/configure -v --with-pkgversion='Debian 4.8.2-16' --with-bugurl=file:///usr/share/doc/gcc-4.8/README.Bugs --enable-languages=c,c++,java,go,d,fortran,objc,obj-c++ --prefix=/usr --program-suffix=-4.8 --enable-shared --enable-linker-build-id --libexecdir=/usr/lib --without-included-gettext --enable-threads=posix --with-gxx-include-dir=/usr/include/c++/4.8 --libdir=/usr/lib --enable-nls --with-sysroot=/ --enable-clocale=gnu --enable-libstdcxx-debug --enable-libstdcxx-time=yes --enable-gnu-unique-object --disable-libmudflap --enable-plugin --with-system-zlib --disable-browser-plugin --enable-java-awt=gtk --enable-gtk-cairo --with-java-home=/usr/lib/jvm/java-1.5.0-gcj-4.8-amd64/jre --enable-java-home --with-jvm-root-dir=/usr/lib/jvm/java-1.5.0-gcj-4.8-amd64 --with-jvm-jar-dir=/usr/lib/jvm-exports/java-1.5.0-gcj-4.8-amd64 --with-arch-directory=amd64 --with-ecj-jar=/usr/share/java/eclipse-ecj.jar --enable-objc-gc --enable-multiarch --with-arch-32=i586 --with-abi=m64 --with-multilib-list=m32,m64,mx32 --with-tune=generic --enable-checking=release --build=x86_64-linux-gnu --host=x86_64-linux-gnu --target=x86_64-linux-gnu
Thread model: posix
gcc version 4.8.2 (Debian 4.8.2-16) 
configure:3679: $? = 0
configure:3686: /usr/bin/gcc -V >&5
gcc: error: unrecognized command line option '-V'
gcc: fatal error: no input files
compilation terminated.
configure:3689: $? = 4
configure:3692: checking whether we are using the GNU C compiler
configure:3721: /usr/bin/gcc -c -g -I/usr/include/glib-2.0 -I/usr/lib/x86_64-linux-gnu/glib-2.0/include   -c  conftest.c >&5
configure:3727: $? = 0
configure:3744: result: yes
configure:3749: checking whether /usr/bin/gcc accepts -g
configure:3779: /usr/bin/gcc -c -g  conftest.c >&5
configure:3785: $? = 0
configure:3884: result: yes
configure:3901: checking for /usr/bin/gcc option to accept ISO C89
configure:3975: /usr/bin/gcc  -c -g -I/usr/include/glib-2.0 -I/usr/lib/x86_64-linux-gnu/glib-2.0/include   -c  conftest.c >&5
configure:3981: $? = 0
configure:4004: result: none needed
configure:4024: checking dependency style of /usr/bin/gcc
configure:4115: result: gcc3
configure:4130: checking for a sed that does not truncate output
configure:4186: result: /bin/sed
configure:4189: checking for grep that handles long lines and -e
configure:4263: result: /bin/grep
configure:4268: checking for egrep
configure:4346: result: /bin/grep -E
configure:4362: checking for ld used by /usr/bin/gcc
configure:4429: result: /usr/bin/ld
configure:4438: checking if the linker (/usr/bin/ld) is GNU ld
configure:4453: result: yes
configure:4458: checking for /usr/bin/ld option to reload object files
configure:4465: result: -r
configure:4483: checking for BSD-compatible nm
configure:4532: result: /usr/bin/nm -B
configure:4536: checking whether ln -s works
configure:4540: result: yes
configure:4547: checking how to recognize dependent libraries
configure:4733: result: pass_all
configure:4822: g++ -c -O3  conftest.cpp >&5
configure:4825: $? = 0
configure:4975: checking how to run the C preprocessor
configure:5015: /usr/bin/gcc -E  conftest.c
configure:5021: $? = 0
configure:5052: /usr/bin/gcc -E  conftest.c
conftest.c:10:28: fatal error: ac_nonexistent.h: No such file or directory
 #include <ac_nonexistent.h>
                            ^
compilation terminated.
configure:5058: $? = 1
configure: failed program was:
| /* confdefs.h.  */
| #define PACKAGE_NAME ""
| #define PACKAGE_TARNAME ""
| #define PACKAGE_VERSION ""
| #define PACKAGE_STRING ""
| #define PACKAGE_BUGREPORT ""
| #define PACKAGE "esrg1"
| #define VERSION "1"
| /* end confdefs.h.  */
| #include <ac_nonexistent.h>
configure:5091: result: /usr/bin/gcc -E
configure:5120: /usr/bin/gcc -E  conftest.c
configure:5126: $? = 0
configure:5157: /usr/bin/gcc -E  conftest.c
conftest.c:10:28: fatal error: ac_nonexistent.h: No such file or directory
 #include <ac_nonexistent.h>
                            ^
compilation terminated.
configure:5163: $? = 1
configure: failed program was:
| /* confdefs.h.  */
| #define PACKAGE_NAME ""
| #define PACKAGE_TARNAME ""
| #define PACKAGE_VERSION ""
| #define PACKAGE_STRING ""
| #define PACKAGE_BUGREPORT ""
| #define PACKAGE "esrg1"
| #define VERSION "1"
| /* end confdefs.h.  */
| #include <ac_nonexistent.h>
configure:5201: checking for ANSI C header files
configure:5231: /usr/bin/gcc -c -g -I/usr/include/glib-2.0 -I/usr/lib/x86_64-linux-gnu/glib-2.0/include   -c  conftest.c >&5
configure:5237: $? = 0
configure:5336: /usr/bin/gcc -o conftest -g -I/usr/include/glib-2.0 -I/usr/lib/x86_64-linux-gnu/glib-2.0/include   -c   conftest.c  >&5
configure:5339: $? = 0
configure:5345: ./conftest
./configure: line 5346: ./conftest: Permission denied
configure:5348: $? = 126
configure: program exited with status 126
configure: failed program was:
| /* confdefs.h.  */
| #define PACKAGE_NAME ""
| #define PACKAGE_TARNAME ""
| #define PACKAGE_VERSION ""
| #define PACKAGE_STRING ""
| #define PACKAGE_BUGREPORT ""
| #define PACKAGE "esrg1"
| #define VERSION "1"
| /* end confdefs.h.  */
| #include <ctype.h>
| #include <stdlib.h>
| #if ((' ' & 0x0FF) == 0x020)
| # define ISLOWER(c) ('a' <= (c) && (c) <= 'z')
| # define TOUPPER(c) (ISLOWER(c) ? 'A' + ((c) - 'a') : (c))
| #else
| # define ISLOWER(c) 		   (('a' <= (c) && (c) <= 'i') 		     || ('j' <= (c) && (c) <= 'r') 		     || ('s' <= (c) && (c) <= 'z'))
| # define TOUPPER(c) (ISLOWER(c) ? ((c) | 0x40) : (c))
| #endif
| 
| #define XOR(e, f) (((e) && !(f)) || (!(e) && (f)))
| int
| main ()
| {
|   int i;
|   for (i = 0; i < 256; i++)
|     if (XOR (islower (i), ISLOWER (i))
| 	|| toupper (i) != TOUPPER (i))
|       return 2;
|   return 0;
| }
configure:5365: result: no
configure:5389: checking for sys/types.h
configure:5410: /usr/bin/gcc -c -g -I/usr/include/glib-2.0 -I/usr/lib/x86_64-linux-gnu/glib-2.0/include   -c  conftest.c >&5
configure:5416: $? = 0
configure:5432: result: yes
configure:5389: checking for sys/stat.h
configure:5410: /usr/bin/gcc -c -g -I/usr/include/glib-2.0 -I/usr/lib/x86_64-linux-gnu/glib-2.0/include   -c  conftest.c >&5
configure:5416: $? = 0
configure:5432: result: yes
configure:5389: checking for stdlib.h
configure:5410: /usr/bin/gcc -c -g -I/usr/include/glib-2.0 -I/usr/lib/x86_64-linux-gnu/glib-2.0/include   -c  conftest.c >&5
configure:5416: $? = 0
configure:5432: result: yes
configure:5389: checking for string.h
configure:5410: /usr/bin/gcc -c -g -I/usr/include/glib-2.0 -I/usr/lib/x86_64-linux-gnu/glib-2.0/include   -c  conftest.c >&5
configure:5416: $? = 0
configure:5432: result: yes
configure:5389: checking for memory.h
configure:5410: /usr/bin/gcc -c -g -I/usr/include/glib-2.0 -I/usr/lib/x86_64-linux-gnu/glib-2.0/include   -c  conftest.c >&5
configure:5416: $? = 0
configure:5432: result: yes
configure:5389: checking for strings.h
configure:5410: /usr/bin/gcc -c -g -I/usr/include/glib-2.0 -I/usr/lib/x86_64-linux-gnu/glib-2.0/include   -c  conftest.c >&5
configure:5416: $? = 0
configure:5432: result: yes
configure:5389: checking for inttypes.h
configure:5410: /usr/bin/gcc -c -g -I/usr/include/glib-2.0 -I/usr/lib/x86_64-linux-gnu/glib-2.0/include   -c  conftest.c >&5
configure:5416: $? = 0
configure:5432: result: yes
configure:5389: checking for stdint.h
configure:5410: /usr/bin/gcc -c -g -I/usr/include/glib-2.0 -I/usr/lib/x86_64-linux-gnu/glib-2.0/include   -c  conftest.c >&5
configure:5416: $? = 0
configure:5432: result: yes
configure:5389: checking for unistd.h
configure:5410: /usr/bin/gcc -c -g -I/usr/include/glib-2.0 -I/usr/lib/x86_64-linux-gnu/glib-2.0/include   -c  conftest.c >&5
configure:5416: $? = 0
configure:5432: result: yes
configure:5459: checking dlfcn.h usability
configure:5476: /usr/bin/gcc -c -g -I/usr/include/glib-2.0 -I/usr/lib/x86_64-linux-gnu/glib-2.0/include   -c  conftest.c >&5
configure:5482: $? = 0
configure:5496: result: yes
configure:5500: checking dlfcn.h presence
configure:5515: /usr/bin/gcc -E  conftest.c
configure:5521: $? = 0
configure:5535: result: yes
configure:5563: checking for dlfcn.h
configure:5571: result: yes
configure:5594: checking how to run the C++ preprocessor
configure:5630: g++ -E  conftest.cpp
configure:5636: $? = 0
configure:5667: g++ -E  conftest.cpp
conftest.cpp:20:28: fatal error: ac_nonexistent.h: No such file or directory
 #include <ac_nonexistent.h>
                            ^
compilation terminated.
configure:5673: $? = 1
configure: failed program was:
| /* confdefs.h.  */
| #define PACKAGE_NAME ""
| #define PACKAGE_TARNAME ""
| #define PACKAGE_VERSION ""
| #define PACKAGE_STRING ""
| #define PACKAGE_BUGREPORT ""
| #define PACKAGE "esrg1"
| #define VERSION "1"
| #define HAVE_SYS_TYPES_H 1
| #define HAVE_SYS_STAT_H 1
| #define HAVE_STDLIB_H 1
| #define HAVE_STRING_H 1
| #define HAVE_MEMORY_H 1
| #define HAVE_STRINGS_H 1
| #define HAVE_INTTYPES_H 1
| #define HAVE_STDINT_H 1
| #define HAVE_UNISTD_H 1
| #define HAVE_DLFCN_H 1
| /* end confdefs.h.  */
| #include <ac_nonexistent.h>
configure:5706: result: g++ -E
configure:5735: g++ -E  conftest.cpp
configure:5741: $? = 0
configure:5772: g++ -E  conftest.cpp
conftest.cpp:20:28: fatal error: ac_nonexistent.h: No such file or directory
 #include <ac_nonexistent.h>
                            ^
compilation terminated.
configure:5778: $? = 1
configure: failed program was:
| /* confdefs.h.  */
| #define PACKAGE_NAME ""
| #define PACKAGE_TARNAME ""
| #define PACKAGE_VERSION ""
| #define PACKAGE_STRING ""
| #define PACKAGE_BUGREPORT ""
| #define PACKAGE "esrg1"
| #define VERSION "1"
| #define HAVE_SYS_TYPES_H 1
| #define HAVE_SYS_STAT_H 1
| #define HAVE_STDLIB_H 1
| #define HAVE_STRING_H 1
| #define HAVE_MEMORY_H 1
| #define HAVE_STRINGS_H 1
| #define HAVE_INTTYPES_H 1
| #define HAVE_STDINT_H 1
| #define HAVE_UNISTD_H 1
| #define HAVE_DLFCN_H 1
| /* end confdefs.h.  */
| #include <ac_nonexistent.h>
configure:5871: checking for g77
configure:5901: result: no
configure:5871: checking for xlf
configure:5901: result: no
configure:5871: checking for f77
configure:5901: result: no
configure:5871: checking for frt
configure:5901: result: no
configure:5871: checking for pgf77
configure:5901: result: no
configure:5871: checking for cf77
configure:5901: result: no
configure:5871: checking for fort77
configure:5901: result: no
configure:5871: checking for fl32
configure:5901: result: no
configure:5871: checking for af77
configure:5901: result: no
configure:5871: checking for xlf90
configure:5901: result: no
configure:5871: checking for f90
configure:5901: result: no
configure:5871: checking for pgf90
configure:5901: result: no
configure:5871: checking for pghpf
configure:5901: result: no
configure:5871: checking for epcf90
configure:5901: result: no
configure:5871: checking for gfortran
configure:5901: result: no
configure:5871: checking for g95
configure:5901: result: no
configure:5871: checking for xlf95
configure:5901: result: no
configure:5871: checking for f95
configure:5901: result: no
configure:5871: checking for fort
configure:5901: result: no
configure:5871: checking for ifort
configure:5901: result: no
configure:5871: checking for ifc
configure:5901: result: no
configure:5871: checking for efc
configure:5901: result: no
configure:5871: checking for pgf95
configure:5901: result: no
configure:5871: checking for lf95
configure:5901: result: no
configure:5871: checking for ftn
configure:5901: result: no
configure:5928: checking for Fortran 77 compiler version
configure:5935:  --version >&5
./configure: line 5936: --version: command not found
configure:5938: $? = 127
configure:5945:  -v >&5
./configure: line 5946: -v: command not found
configure:5948: $? = 127
configure:5955:  -V >&5
./configure: line 5956: -V: command not found
configure:5958: $? = 127
configure:5966: checking whether we are using the GNU Fortran 77 compiler
configure:5985:  -c  conftest.F >&5
./configure: line 5986: -c: command not found
configure:5991: $? = 127
configure: failed program was:
|       program main
| #ifndef __GNUC__
|        choke me
| #endif
| 
|       end
configure:6008: result: no
configure:6014: checking whether  accepts -g
configure:6031:  -c -g conftest.f >&5
./configure: line 6032: -c: command not found
configure:6037: $? = 127
configure: failed program was:
|       program main
| 
|       end
configure:6053: result: no
configure:6083: checking the maximum length of command line arguments
configure:6195: result: 3458764513820540925
configure:6207: checking command to parse /usr/bin/nm -B output from /usr/bin/gcc object
configure:6312: g++ -c -O3  conftest.cpp >&5
configure:6315: $? = 0
configure:6319: /usr/bin/nm -B conftest.o \| sed -n -e 's/^.*[ 	]\([ABCDGIRSTW][ABCDGIRSTW]*\)[ 	][ 	]*\([_A-Za-z][_A-Za-z0-9]*\)$/\1 \2 \2/p' \> conftest.nm
configure:6322: $? = 0
configure:6374: g++ -o conftest -O3   conftest.cpp conftstm.o >&5
configure:6377: $? = 0
configure:6415: result: ok
configure:6419: checking for objdir
configure:6434: result: .libs
configure:6526: checking for ar
configure:6542: found /usr/bin/ar
configure:6553: result: ar
configure:6622: checking for ranlib
configure:6638: found /usr/bin/ranlib
configure:6649: result: ranlib
configure:6718: checking for strip
configure:6734: found /usr/bin/strip
configure:6745: result: strip
configure:7031: checking if /usr/bin/gcc supports -fno-rtti -fno-exceptions
configure:7049: /usr/bin/gcc -c -g -I/usr/include/glib-2.0 -I/usr/lib/x86_64-linux-gnu/glib-2.0/include   -c  -fno-rtti -fno-exceptions conftest.c >&5
cc1: warning: command line option '-fno-rtti' is valid for C++/ObjC++ but not for C [enabled by default]
configure:7053: $? = 0
configure:7066: result: no
configure:7081: checking for /usr/bin/gcc option to produce PIC
configure:7313: result: -fPIC
configure:7321: checking if /usr/bin/gcc PIC flag -fPIC works
configure:7339: /usr/bin/gcc -c -g -I/usr/include/glib-2.0 -I/usr/lib/x86_64-linux-gnu/glib-2.0/include   -c  -fPIC -DPIC conftest.c >&5
configure:7343: $? = 0
configure:7356: result: yes
configure:7384: checking if /usr/bin/gcc static flag -static works
configure:7412: result: yes
configure:7422: checking if /usr/bin/gcc supports -c -o file.o
configure:7443: /usr/bin/gcc -c -g -I/usr/include/glib-2.0 -I/usr/lib/x86_64-linux-gnu/glib-2.0/include   -c  -o out/conftest2.o conftest.c >&5
configure:7447: $? = 0
configure:7469: result: yes
configure:7495: checking whether the /usr/bin/gcc linker (/usr/bin/ld -m elf_x86_64) supports shared libraries
configure:8475: result: yes
configure:8496: checking whether -lc should be explicitly linked in
configure:8501: /usr/bin/gcc -c -g -I/usr/include/glib-2.0 -I/usr/lib/x86_64-linux-gnu/glib-2.0/include   -c  conftest.c >&5
configure:8504: $? = 0
configure:8519: /usr/bin/gcc -shared conftest.o  -v -Wl,-soname -Wl,conftest -o conftest 2\>\&1 \| grep  -lc  \>/dev/null 2\>\&1
configure:8522: $? = 0
configure:8534: result: no
configure:8542: checking dynamic linker characteristics
configure:9146: result: GNU/Linux ld.so
configure:9155: checking how to hardcode library paths into programs
configure:9180: result: immediate
configure:9194: checking whether stripping libraries is possible
configure:9199: result: yes
configure:10001: checking if libtool supports shared libraries
configure:10003: result: yes
configure:10006: checking whether to build shared libraries
configure:10027: result: yes
configure:10030: checking whether to build static libraries
configure:10034: result: yes
configure:10127: creating libtool
configure:10715: checking for ld used by g++
configure:10782: result: /usr/bin/ld -m elf_x86_64
configure:10791: checking if the linker (/usr/bin/ld -m elf_x86_64) is GNU ld
configure:10806: result: yes
configure:10857: checking whether the g++ linker (/usr/bin/ld -m elf_x86_64) supports shared libraries
configure:11831: result: yes
configure:11849: g++ -c -O3  conftest.cpp >&5
configure:11852: $? = 0
configure:12004: checking for g++ option to produce PIC
configure:12288: result: -fPIC
configure:12296: checking if g++ PIC flag -fPIC works
configure:12314: g++ -c -O3  -fPIC -DPIC conftest.cpp >&5
configure:12318: $? = 0
configure:12331: result: yes
configure:12359: checking if g++ static flag -static works
configure:12387: result: yes
configure:12397: checking if g++ supports -c -o file.o
configure:12418: g++ -c -O3  -o out/conftest2.o conftest.cpp >&5
configure:12422: $? = 0
configure:12444: result: yes
configure:12470: checking whether the g++ linker (/usr/bin/ld -m elf_x86_64) supports shared libraries
configure:12495: result: yes
configure:12562: checking dynamic linker characteristics
configure:13114: result: GNU/Linux ld.so
configure:13123: checking how to hardcode library paths into programs
configure:13148: result: immediate
configure:19448: creating ./config.status

## ---------------------- ##
## Running config.status. ##
## ---------------------- ##

This file was extended by config.status, which was
generated by GNU Autoconf 2.61.  Invocation command line was

  CONFIG_FILES    = 
  CONFIG_HEADERS  = 
  CONFIG_LINKS    = 
  CONFIG_COMMANDS = 
  $ ./config.status 

on saucisse-portable

config.status:664: creating Makefile
config.status:664: creating src/Makefile
config.status:664: creating config.h
config.status:890: config.h is unchanged
config.status:936: executing depfiles commands

## ---------------- ##
## Cache variables. ##
## ---------------- ##

ac_cv_build=x86_64-unknown-linux-gnu
ac_cv_c_compiler_gnu=yes
ac_cv_cxx_compiler_gnu=yes
ac_cv_env_CCC_set=
ac_cv_env_CCC_value=
ac_cv_env_CC_set=set
ac_cv_env_CC_value=/usr/bin/gcc
ac_cv_env_CFLAGS_set=set
ac_cv_env_CFLAGS_value='-g -I/usr/include/glib-2.0 -I/usr/lib/x86_64-linux-gnu/glib-2.0/include   -c'
ac_cv_env_CPPFLAGS_set=
ac_cv_env_CPPFLAGS_value=
ac_cv_env_CPP_set=
ac_cv_env_CPP_value=
ac_cv_env_CXXCPP_set=
ac_cv_env_CXXCPP_value=
ac_cv_env_CXXFLAGS_set=
ac_cv_env_CXXFLAGS_value=
ac_cv_env_CXX_set=
ac_cv_env_CXX_value=
ac_cv_env_F77_set=
ac_cv_env_F77_value=
ac_cv_env_FFLAGS_set=
ac_cv_env_FFLAGS_value=
ac_cv_env_LDFLAGS_set=
ac_cv_env_LDFLAGS_value=
ac_cv_env_LIBS_set=
ac_cv_env_LIBS_value=
ac_cv_env_build_alias_set=
ac_cv_env_build_alias_value=
ac_cv_env_host_alias_set=
ac_cv_env_host_alias_value=
ac_cv_env_target_alias_set=
ac_cv_env_target_alias_value=
ac_cv_f77_compiler_gnu=no
ac_cv_header_dlfcn_h=yes
ac_cv_header_inttypes_h=yes
ac_cv_header_memory_h=yes
ac_cv_header_stdc=no
ac_cv_header_stdint_h=yes
ac_cv_header_stdlib_h=yes
ac_cv_header_string_h=yes
ac_cv_header_strings_h=yes
ac_cv_header_sys_stat_h=yes
ac_cv_header_sys_types_h=yes
ac_cv_header_unistd_h=yes
ac_cv_host=x86_64-unknown-linux-gnu
ac_cv_objext=o
ac_cv_path_EGREP='/bin/grep -E'
ac_cv_path_GREP=/bin/grep
ac_cv_path_install='/usr/bin/install -c'
ac_cv_path_mkdir=/bin/mkdir
ac_cv_prog_AWK=mawk
ac_cv_prog_CPP='/usr/bin/gcc -E'
ac_cv_prog_CXXCPP='g++ -E'
ac_cv_prog_ac_ct_AR=ar
ac_cv_prog_ac_ct_CC=/usr/bin/gcc
ac_cv_prog_ac_ct_CXX=g++
ac_cv_prog_ac_ct_RANLIB=ranlib
ac_cv_prog_ac_ct_STRIP=strip
ac_cv_prog_cc_c89=
ac_cv_prog_cc_g=yes
ac_cv_prog_cxx_g=yes
ac_cv_prog_f77_g=no
ac_cv_prog_make__usr_bin_make_set=yes
am_cv_CC_dependencies_compiler_type=gcc3
am_cv_CXX_dependencies_compiler_type=gcc3
lt_cv_deplibs_check_method=pass_all
lt_cv_file_magic_cmd='$MAGIC_CMD'
lt_cv_file_magic_test_file=
lt_cv_ld_reload_flag=-r
lt_cv_objdir=.libs
lt_cv_path_LD=/usr/bin/ld
lt_cv_path_LDCXX='/usr/bin/ld -m elf_x86_64'
lt_cv_path_NM='/usr/bin/nm -B'
lt_cv_path_SED=/bin/sed
lt_cv_prog_compiler_c_o=yes
lt_cv_prog_compiler_c_o_CXX=yes
lt_cv_prog_compiler_rtti_exceptions=no
lt_cv_prog_gnu_ld=yes
lt_cv_prog_gnu_ldcxx=yes
lt_cv_sys_global_symbol_pipe='sed -n -e '\''s/^.*[ 	]\([ABCDGIRSTW][ABCDGIRSTW]*\)[ 	][ 	]*\([_A-Za-z][_A-Za-z0-9]*\)$/\1 \2 \2/p'\'''
lt_cv_sys_global_symbol_to_c_name_address='sed -n -e '\''s/^: \([^ ]*\) $/  {\"\1\", (lt_ptr) 0},/p'\'' -e '\''s/^[BCDEGRST] \([^ ]*\) \([^ ]*\)$/  {"\2", (lt_ptr) \&\2},/p'\'''
lt_cv_sys_global_symbol_to_cdecl='sed -n -e '\''s/^. .* \(.*\)$/extern int \1;/p'\'''
lt_cv_sys_max_cmd_len=3458764513820540925
lt_lt_cv_prog_compiler_c_o='"yes"'
lt_lt_cv_prog_compiler_c_o_CXX='"yes"'
lt_lt_cv_sys_global_symbol_pipe='"sed -n -e '\''s/^.*[ 	]\\([ABCDGIRSTW][ABCDGIRSTW]*\\)[ 	][ 	]*\\([_A-Za-z][_A-Za-z0-9]*\\)\$/\\1 \\2 \\2/p'\''"'
lt_lt_cv_sys_global_symbol_to_c_name_address='"sed -n -e '\''s/^: \\([^ ]*\\) \$/  {\\\"\\1\\\", (lt_ptr) 0},/p'\'' -e '\''s/^[BCDEGRST] \\([^ ]*\\) \\([^ ]*\\)\$/  {\"\\2\", (lt_ptr) \\&\\2},/p'\''"'
lt_lt_cv_sys_global_symbol_to_cdecl='"sed -n -e '\''s/^. .* \\(.*\\)\$/extern int \\1;/p'\''"'

## ----------------- ##
## Output variables. ##
## ----------------- ##

ACLOCAL='${SHELL} /home/alinard/local/src/greatspn/SOURCES/WN/SOURCE/RESRG/missing --run aclocal-1.10'
AMDEPBACKSLASH='\'
AMDEP_FALSE='#'
AMDEP_TRUE=''
AMTAR='${SHELL} /home/alinard/local/src/greatspn/SOURCES/WN/SOURCE/RESRG/missing --run tar'
AR='ar'
AUTOCONF='${SHELL} /home/alinard/local/src/greatspn/SOURCES/WN/SOURCE/RESRG/missing --run autoconf'
AUTOHEADER='${SHELL} /home/alinard/local/src/greatspn/SOURCES/WN/SOURCE/RESRG/missing --run autoheader'
AUTOMAKE='${SHELL} /home/alinard/local/src/greatspn/SOURCES/WN/SOURCE/RESRG/missing --run automake-1.10'
AWK='mawk'
CC='/usr/bin/gcc'
CCDEPMODE='depmode=gcc3'
CFLAGS='-g -I/usr/include/glib-2.0 -I/usr/lib/x86_64-linux-gnu/glib-2.0/include   -c'
CPP='/usr/bin/gcc -E'
CPPFLAGS=''
CXX='g++'
CXXCPP='g++ -E'
CXXDEPMODE='depmode=gcc3'
CXXFLAGS='-O3'
CYGPATH_W='echo'
DEFS='-DHAVE_CONFIG_H'
DEPDIR='.deps'
ECHO='echo'
ECHO_C=''
ECHO_N='-n'
ECHO_T=''
EGREP='/bin/grep -E'
EXEEXT=''
F77=''
FFLAGS=''
GREP='/bin/grep'
INSTALL_DATA='${INSTALL} -m 644'
INSTALL_PROGRAM='${INSTALL}'
INSTALL_SCRIPT='${INSTALL}'
INSTALL_STRIP_PROGRAM='$(install_sh) -c -s'
LDFLAGS=''
LIBOBJS=''
LIBS=''
LIBTOOL='$(SHELL) $(top_builddir)/libtool'
LN_S='ln -s'
LTLIBOBJS=''
MAKEINFO='${SHELL} /home/alinard/local/src/greatspn/SOURCES/WN/SOURCE/RESRG/missing --run makeinfo'
OBJEXT='o'
PACKAGE='esrg1'
PACKAGE_BUGREPORT=''
PACKAGE_NAME=''
PACKAGE_STRING=''
PACKAGE_TARNAME=''
PACKAGE_VERSION=''
PATHL='x86_64_R3.13-1-amd64'
PATH_SEPARATOR=':'
RANLIB='ranlib'
SED='/bin/sed'
SET_MAKE=''
SHELL='/bin/bash'
STRIP='strip'
VERSION='1'
ac_ct_CC='/usr/bin/gcc'
ac_ct_CXX='g++'
ac_ct_F77=''
am__fastdepCC_FALSE='#'
am__fastdepCC_TRUE=''
am__fastdepCXX_FALSE='#'
am__fastdepCXX_TRUE=''
am__include='include'
am__isrc=''
am__leading_dot='.'
am__quote=''
am__tar='${AMTAR} chof - "$$tardir"'
am__untar='${AMTAR} xf -'
bindir='${exec_prefix}/bin'
build='x86_64-unknown-linux-gnu'
build_alias=''
build_cpu='x86_64'
build_os='linux-gnu'
build_vendor='unknown'
datadir='${datarootdir}'
datarootdir='${prefix}/share'
docdir='${datarootdir}/doc/${PACKAGE}'
dvidir='${docdir}'
exec_prefix='${prefix}'
host='x86_64-unknown-linux-gnu'
host_alias=''
host_cpu='x86_64'
host_os='linux-gnu'
host_vendor='unknown'
htmldir='${docdir}'
includedir='${prefix}/include'
infodir='${datarootdir}/info'
install_sh='$(SHELL) /home/alinard/local/src/greatspn/SOURCES/WN/SOURCE/RESRG/install-sh'
libdir='${exec_prefix}/lib'
libexecdir='${exec_prefix}/libexec'
localedir='${datarootdir}/locale'
localstatedir='${prefix}/var'
mandir='${datarootdir}/man'
mkdir_p='/bin/mkdir -p'
oldincludedir='/usr/include'
pdfdir='${docdir}'
prefix='/usr/local'
program_transform_name='s,x,x,'
psdir='${docdir}'
sbindir='${exec_prefix}/sbin'
sharedstatedir='${prefix}/com'
sysconfdir='${prefix}/etc'
target_alias=''

## ----------- ##
## confdefs.h. ##
## ----------- ##

#define PACKAGE_NAME ""
#define PACKAGE_TARNAME ""
#define PACKAGE_VERSION ""
#define PACKAGE_STRING ""
#define PACKAGE_BUGREPORT ""
#define PACKAGE "esrg1"
#define VERSION "1"
#define HAVE_SYS_TYPES_H 1
#define HAVE_SYS_STAT_H 1
#define HAVE_STDLIB_H 1
#define HAVE_STRING_H 1
#define HAVE_MEMORY_H 1
#define HAVE_STRINGS_H 1
#define HAVE_INTTYPES_H 1
#define HAVE_STDINT_H 1
#define HAVE_UNISTD_H 1
#define HAVE_DLFCN_H 1

configure: exit 0
