This file contains any messages produced by compilers while
running configure, to aid debugging if configure makes a mistake.

It was created by configure, which was
generated by GNU Autoconf 2.63.  Invocation command line was

  $ ./configure 

## --------- ##
## Platform. ##
## --------- ##

hostname = saucisse-portable
uname -m = x86_64
uname -r = 3.13-1-amd64
uname -s = Linux
uname -v = #1 SMP Debian 3.13.10-1 (2014-04-15)

/usr/bin/uname -p = unknown
/bin/uname -X     = unknown

/bin/arch              = unknown
/usr/bin/arch -k       = unknown
/usr/convex/getsysinfo = unknown
/usr/bin/hostinfo      = unknown
/bin/machine           = unknown
/usr/bin/oslevel       = unknown
/bin/universe          = unknown

PATH: /home/alinard/.luarocks/bin
PATH: /home/alinard/local/bin
PATH: /usr/local/bin
PATH: /usr/bin
PATH: /bin
PATH: /usr/local/games
PATH: /usr/games
PATH: /home/alinard/local/bin
PATH: /sbin


## ----------- ##
## Core tests. ##
## ----------- ##

configure:2072: checking for a BSD-compatible install
configure:2140: result: /usr/bin/install -c
configure:2151: checking whether build environment is sane
configure:2211: result: yes
configure:2352: checking for a thread-safe mkdir -p
configure:2391: result: /bin/mkdir -p
configure:2404: checking for gawk
configure:2434: result: no
configure:2404: checking for mawk
configure:2420: found /usr/bin/mawk
configure:2431: result: mawk
configure:2442: checking whether /usr/bin/make sets $(MAKE)
configure:2464: result: yes
configure:2611: checking for g++
configure:2627: found /usr/bin/g++
configure:2638: result: g++
configure:2665: checking for C++ compiler version
configure:2673: g++ --version >&5
g++ (Debian 4.8.2-16) 4.8.2
Copyright (C) 2013 Free Software Foundation, Inc.
This is free software; see the source for copying conditions.  There is NO
warranty; not even for MERCHANTABILITY or FITNESS FOR A PARTICULAR PURPOSE.

configure:2677: $? = 0
configure:2684: g++ -v >&5
Using built-in specs.
COLLECT_GCC=g++
COLLECT_LTO_WRAPPER=/usr/lib/gcc/x86_64-linux-gnu/4.8/lto-wrapper
Target: x86_64-linux-gnu
Configured with: ../src/configure -v --with-pkgversion='Debian 4.8.2-16' --with-bugurl=file:///usr/share/doc/gcc-4.8/README.Bugs --enable-languages=c,c++,java,go,d,fortran,objc,obj-c++ --prefix=/usr --program-suffix=-4.8 --enable-shared --enable-linker-build-id --libexecdir=/usr/lib --without-included-gettext --enable-threads=posix --with-gxx-include-dir=/usr/include/c++/4.8 --libdir=/usr/lib --enable-nls --with-sysroot=/ --enable-clocale=gnu --enable-libstdcxx-debug --enable-libstdcxx-time=yes --enable-gnu-unique-object --disable-libmudflap --enable-plugin --with-system-zlib --disable-browser-plugin --enable-java-awt=gtk --enable-gtk-cairo --with-java-home=/usr/lib/jvm/java-1.5.0-gcj-4.8-amd64/jre --enable-java-home --with-jvm-root-dir=/usr/lib/jvm/java-1.5.0-gcj-4.8-amd64 --with-jvm-jar-dir=/usr/lib/jvm-exports/java-1.5.0-gcj-4.8-amd64 --with-arch-directory=amd64 --with-ecj-jar=/usr/share/java/eclipse-ecj.jar --enable-objc-gc --enable-multiarch --with-arch-32=i586 --with-abi=m64 --with-multilib-list=m32,m64,mx32 --with-tune=generic --enable-checking=release --build=x86_64-linux-gnu --host=x86_64-linux-gnu --target=x86_64-linux-gnu
Thread model: posix
gcc version 4.8.2 (Debian 4.8.2-16) 
configure:2688: $? = 0
configure:2695: g++ -V >&5
g++: error: unrecognized command line option '-V'
g++: fatal error: no input files
compilation terminated.
configure:2699: $? = 4
configure:2722: checking for C++ compiler default output file name
configure:2744: g++    conftest.cpp  >&5
configure:2748: $? = 0
configure:2786: result: a.out
configure:2805: checking whether the C++ compiler works
configure:2815: ./a.out
configure:2819: $? = 0
configure:2838: result: yes
configure:2845: checking whether we are cross compiling
configure:2847: result: no
configure:2850: checking for suffix of executables
configure:2857: g++ -o conftest    conftest.cpp  >&5
configure:2861: $? = 0
configure:2887: result: 
configure:2893: checking for suffix of object files
configure:2919: g++ -c   conftest.cpp >&5
configure:2923: $? = 0
configure:2948: result: o
configure:2952: checking whether we are using the GNU C++ compiler
configure:2981: g++ -c   conftest.cpp >&5
configure:2988: $? = 0
configure:3005: result: yes
configure:3014: checking whether g++ accepts -g
configure:3044: g++ -c -g  conftest.cpp >&5
configure:3051: $? = 0
configure:3152: result: yes
configure:3186: checking for style of include used by /usr/bin/make
configure:3214: result: GNU
configure:3239: checking dependency style of g++
configure:3349: result: gcc3
configure:3395: checking build system type
configure:3413: result: x86_64-unknown-linux-gnu
configure:3435: checking host system type
configure:3450: result: x86_64-unknown-linux-gnu
configure:3520: checking for gcc
configure:3547: result: /usr/bin/gcc
configure:3779: checking for C compiler version
configure:3787: /usr/bin/gcc --version >&5
gcc (Debian 4.8.2-16) 4.8.2
Copyright (C) 2013 Free Software Foundation, Inc.
This is free software; see the source for copying conditions.  There is NO
warranty; not even for MERCHANTABILITY or FITNESS FOR A PARTICULAR PURPOSE.

configure:3791: $? = 0
configure:3798: /usr/bin/gcc -v >&5
Using built-in specs.
COLLECT_GCC=/usr/bin/gcc
COLLECT_LTO_WRAPPER=/usr/lib/gcc/x86_64-linux-gnu/4.8/lto-wrapper
Target: x86_64-linux-gnu
Configured with: ../src/configure -v --with-pkgversion='Debian 4.8.2-16' --with-bugurl=file:///usr/share/doc/gcc-4.8/README.Bugs --enable-languages=c,c++,java,go,d,fortran,objc,obj-c++ --prefix=/usr --program-suffix=-4.8 --enable-shared --enable-linker-build-id --libexecdir=/usr/lib --without-included-gettext --enable-threads=posix --with-gxx-include-dir=/usr/include/c++/4.8 --libdir=/usr/lib --enable-nls --with-sysroot=/ --enable-clocale=gnu --enable-libstdcxx-debug --enable-libstdcxx-time=yes --enable-gnu-unique-object --disable-libmudflap --enable-plugin --with-system-zlib --disable-browser-plugin --enable-java-awt=gtk --enable-gtk-cairo --with-java-home=/usr/lib/jvm/java-1.5.0-gcj-4.8-amd64/jre --enable-java-home --with-jvm-root-dir=/usr/lib/jvm/java-1.5.0-gcj-4.8-amd64 --with-jvm-jar-dir=/usr/lib/jvm-exports/java-1.5.0-gcj-4.8-amd64 --with-arch-directory=amd64 --with-ecj-jar=/usr/share/java/eclipse-ecj.jar --enable-objc-gc --enable-multiarch --with-arch-32=i586 --with-abi=m64 --with-multilib-list=m32,m64,mx32 --with-tune=generic --enable-checking=release --build=x86_64-linux-gnu --host=x86_64-linux-gnu --target=x86_64-linux-gnu
Thread model: posix
gcc version 4.8.2 (Debian 4.8.2-16) 
configure:3802: $? = 0
configure:3809: /usr/bin/gcc -V >&5
gcc: error: unrecognized command line option '-V'
gcc: fatal error: no input files
compilation terminated.
configure:3813: $? = 4
configure:3816: checking whether we are using the GNU C compiler
configure:3845: /usr/bin/gcc -c -g -I/usr/include/glib-2.0 -I/usr/lib/x86_64-linux-gnu/glib-2.0/include   -c  conftest.c >&5
configure:3852: $? = 0
configure:3869: result: yes
configure:3878: checking whether /usr/bin/gcc accepts -g
configure:3908: /usr/bin/gcc -c -g  conftest.c >&5
configure:3915: $? = 0
configure:4016: result: yes
configure:4033: checking for /usr/bin/gcc option to accept ISO C89
configure:4107: /usr/bin/gcc  -c -g -I/usr/include/glib-2.0 -I/usr/lib/x86_64-linux-gnu/glib-2.0/include   -c  conftest.c >&5
configure:4114: $? = 0
configure:4137: result: none needed
configure:4157: checking dependency style of /usr/bin/gcc
configure:4267: result: gcc3
configure:4282: checking for a sed that does not truncate output
configure:4348: result: /bin/sed
configure:4366: checking for grep that handles long lines and -e
configure:4426: result: /bin/grep
configure:4431: checking for egrep
configure:4495: result: /bin/grep -E
configure:4500: checking for fgrep
configure:4564: result: /bin/grep -F
configure:4599: checking for ld used by /usr/bin/gcc
configure:4666: result: /usr/bin/ld
configure:4675: checking if the linker (/usr/bin/ld) is GNU ld
configure:4690: result: yes
configure:4702: checking for BSD- or MS-compatible name lister (nm)
configure:4751: result: /usr/bin/nm -B
configure:4869: checking the name lister (/usr/bin/nm -B) interface
configure:4876: g++ -c -g -O2  conftest.cpp >&5
configure:4879: /usr/bin/nm -B "conftest.o"
configure:4882: output
0000000000000000 B some_variable
configure:4889: result: BSD nm
configure:4892: checking whether ln -s works
configure:4896: result: yes
configure:4904: checking the maximum length of command line arguments
configure:5024: result: 3458764513820540925
configure:5041: checking whether the shell understands some XSI constructs
configure:5051: result: yes
configure:5055: checking whether the shell understands "+="
configure:5061: result: yes
configure:5096: checking for /usr/bin/ld option to reload object files
configure:5103: result: -r
configure:5172: checking for objdump
configure:5188: found /usr/bin/objdump
configure:5199: result: objdump
configure:5231: checking how to recognize dependent libraries
configure:5427: result: pass_all
configure:5487: checking for ar
configure:5503: found /usr/bin/ar
configure:5514: result: ar
configure:5592: checking for strip
configure:5608: found /usr/bin/strip
configure:5619: result: strip
configure:5691: checking for ranlib
configure:5707: found /usr/bin/ranlib
configure:5718: result: ranlib
configure:5808: checking command to parse /usr/bin/nm -B output from /usr/bin/gcc object
configure:5926: g++ -c -g -O2  conftest.cpp >&5
configure:5929: $? = 0
configure:5933: /usr/bin/nm -B conftest.o \| sed -n -e 's/^.*[	 ]\([ABCDGIRSTW][ABCDGIRSTW]*\)[	 ][	 ]*\([_A-Za-z][_A-Za-z0-9]*\)$/\1 \2 \2/p' \> conftest.nm
configure:5936: $? = 0
configure:5990: g++ -o conftest -g -O2   conftest.cpp conftstm.o >&5
configure:5993: $? = 0
configure:6031: result: ok
configure:6127: g++ -c -g -O2  conftest.cpp >&5
configure:6130: $? = 0
configure:6898: checking how to run the C preprocessor
configure:6938: /usr/bin/gcc -E  conftest.c
configure:6945: $? = 0
configure:6976: /usr/bin/gcc -E  conftest.c
conftest.c:10:28: fatal error: ac_nonexistent.h: No such file or directory
 #include <ac_nonexistent.h>
                            ^
compilation terminated.
configure:6983: $? = 1
configure: failed program was:
| /* confdefs.h.  */
| #define PACKAGE_NAME ""
| #define PACKAGE_TARNAME ""
| #define PACKAGE_VERSION ""
| #define PACKAGE_STRING ""
| #define PACKAGE_BUGREPORT ""
| #define PACKAGE "mdwn"
| #define VERSION "0.1"
| /* end confdefs.h.  */
| #include <ac_nonexistent.h>
configure:7016: result: /usr/bin/gcc -E
configure:7045: /usr/bin/gcc -E  conftest.c
configure:7052: $? = 0
configure:7083: /usr/bin/gcc -E  conftest.c
conftest.c:10:28: fatal error: ac_nonexistent.h: No such file or directory
 #include <ac_nonexistent.h>
                            ^
compilation terminated.
configure:7090: $? = 1
configure: failed program was:
| /* confdefs.h.  */
| #define PACKAGE_NAME ""
| #define PACKAGE_TARNAME ""
| #define PACKAGE_VERSION ""
| #define PACKAGE_STRING ""
| #define PACKAGE_BUGREPORT ""
| #define PACKAGE "mdwn"
| #define VERSION "0.1"
| /* end confdefs.h.  */
| #include <ac_nonexistent.h>
configure:7130: checking for ANSI C header files
configure:7160: /usr/bin/gcc -c -g -I/usr/include/glib-2.0 -I/usr/lib/x86_64-linux-gnu/glib-2.0/include   -c  conftest.c >&5
configure:7167: $? = 0
configure:7266: /usr/bin/gcc -o conftest -g -I/usr/include/glib-2.0 -I/usr/lib/x86_64-linux-gnu/glib-2.0/include   -c   conftest.c  >&5
configure:7270: $? = 0
configure:7276: ./conftest
./configure: line 7278: ./conftest: Permission denied
configure:7280: $? = 126
configure: program exited with status 126
configure: failed program was:
| /* confdefs.h.  */
| #define PACKAGE_NAME ""
| #define PACKAGE_TARNAME ""
| #define PACKAGE_VERSION ""
| #define PACKAGE_STRING ""
| #define PACKAGE_BUGREPORT ""
| #define PACKAGE "mdwn"
| #define VERSION "0.1"
| /* end confdefs.h.  */
| #include <ctype.h>
| #include <stdlib.h>
| #if ((' ' & 0x0FF) == 0x020)
| # define ISLOWER(c) ('a' <= (c) && (c) <= 'z')
| # define TOUPPER(c) (ISLOWER(c) ? 'A' + ((c) - 'a') : (c))
| #else
| # define ISLOWER(c) 		   (('a' <= (c) && (c) <= 'i') 		     || ('j' <= (c) && (c) <= 'r') 		     || ('s' <= (c) && (c) <= 'z'))
| # define TOUPPER(c) (ISLOWER(c) ? ((c) | 0x40) : (c))
| #endif
| 
| #define XOR(e, f) (((e) && !(f)) || (!(e) && (f)))
| int
| main ()
| {
|   int i;
|   for (i = 0; i < 256; i++)
|     if (XOR (islower (i), ISLOWER (i))
| 	|| toupper (i) != TOUPPER (i))
|       return 2;
|   return 0;
| }
configure:7298: result: no
configure:7322: checking for sys/types.h
configure:7343: /usr/bin/gcc -c -g -I/usr/include/glib-2.0 -I/usr/lib/x86_64-linux-gnu/glib-2.0/include   -c  conftest.c >&5
configure:7350: $? = 0
configure:7367: result: yes
configure:7322: checking for sys/stat.h
configure:7343: /usr/bin/gcc -c -g -I/usr/include/glib-2.0 -I/usr/lib/x86_64-linux-gnu/glib-2.0/include   -c  conftest.c >&5
configure:7350: $? = 0
configure:7367: result: yes
configure:7322: checking for stdlib.h
configure:7343: /usr/bin/gcc -c -g -I/usr/include/glib-2.0 -I/usr/lib/x86_64-linux-gnu/glib-2.0/include   -c  conftest.c >&5
configure:7350: $? = 0
configure:7367: result: yes
configure:7322: checking for string.h
configure:7343: /usr/bin/gcc -c -g -I/usr/include/glib-2.0 -I/usr/lib/x86_64-linux-gnu/glib-2.0/include   -c  conftest.c >&5
configure:7350: $? = 0
configure:7367: result: yes
configure:7322: checking for memory.h
configure:7343: /usr/bin/gcc -c -g -I/usr/include/glib-2.0 -I/usr/lib/x86_64-linux-gnu/glib-2.0/include   -c  conftest.c >&5
configure:7350: $? = 0
configure:7367: result: yes
configure:7322: checking for strings.h
configure:7343: /usr/bin/gcc -c -g -I/usr/include/glib-2.0 -I/usr/lib/x86_64-linux-gnu/glib-2.0/include   -c  conftest.c >&5
configure:7350: $? = 0
configure:7367: result: yes
configure:7322: checking for inttypes.h
configure:7343: /usr/bin/gcc -c -g -I/usr/include/glib-2.0 -I/usr/lib/x86_64-linux-gnu/glib-2.0/include   -c  conftest.c >&5
configure:7350: $? = 0
configure:7367: result: yes
configure:7322: checking for stdint.h
configure:7343: /usr/bin/gcc -c -g -I/usr/include/glib-2.0 -I/usr/lib/x86_64-linux-gnu/glib-2.0/include   -c  conftest.c >&5
configure:7350: $? = 0
configure:7367: result: yes
configure:7322: checking for unistd.h
configure:7343: /usr/bin/gcc -c -g -I/usr/include/glib-2.0 -I/usr/lib/x86_64-linux-gnu/glib-2.0/include   -c  conftest.c >&5
configure:7350: $? = 0
configure:7367: result: yes
configure:7385: checking for dlfcn.h
configure:7406: /usr/bin/gcc -c -g -I/usr/include/glib-2.0 -I/usr/lib/x86_64-linux-gnu/glib-2.0/include   -c  conftest.c >&5
configure:7413: $? = 0
configure:7430: result: yes
configure:7557: checking for C++ compiler version
configure:7565: g++ --version >&5
g++ (Debian 4.8.2-16) 4.8.2
Copyright (C) 2013 Free Software Foundation, Inc.
This is free software; see the source for copying conditions.  There is NO
warranty; not even for MERCHANTABILITY or FITNESS FOR A PARTICULAR PURPOSE.

configure:7569: $? = 0
configure:7576: g++ -v >&5
Using built-in specs.
COLLECT_GCC=g++
COLLECT_LTO_WRAPPER=/usr/lib/gcc/x86_64-linux-gnu/4.8/lto-wrapper
Target: x86_64-linux-gnu
Configured with: ../src/configure -v --with-pkgversion='Debian 4.8.2-16' --with-bugurl=file:///usr/share/doc/gcc-4.8/README.Bugs --enable-languages=c,c++,java,go,d,fortran,objc,obj-c++ --prefix=/usr --program-suffix=-4.8 --enable-shared --enable-linker-build-id --libexecdir=/usr/lib --without-included-gettext --enable-threads=posix --with-gxx-include-dir=/usr/include/c++/4.8 --libdir=/usr/lib --enable-nls --with-sysroot=/ --enable-clocale=gnu --enable-libstdcxx-debug --enable-libstdcxx-time=yes --enable-gnu-unique-object --disable-libmudflap --enable-plugin --with-system-zlib --disable-browser-plugin --enable-java-awt=gtk --enable-gtk-cairo --with-java-home=/usr/lib/jvm/java-1.5.0-gcj-4.8-amd64/jre --enable-java-home --with-jvm-root-dir=/usr/lib/jvm/java-1.5.0-gcj-4.8-amd64 --with-jvm-jar-dir=/usr/lib/jvm-exports/java-1.5.0-gcj-4.8-amd64 --with-arch-directory=amd64 --with-ecj-jar=/usr/share/java/eclipse-ecj.jar --enable-objc-gc --enable-multiarch --with-arch-32=i586 --with-abi=m64 --with-multilib-list=m32,m64,mx32 --with-tune=generic --enable-checking=release --build=x86_64-linux-gnu --host=x86_64-linux-gnu --target=x86_64-linux-gnu
Thread model: posix
gcc version 4.8.2 (Debian 4.8.2-16) 
configure:7580: $? = 0
configure:7587: g++ -V >&5
g++: error: unrecognized command line option '-V'
g++: fatal error: no input files
compilation terminated.
configure:7591: $? = 4
configure:7594: checking whether we are using the GNU C++ compiler
configure:7647: result: yes
configure:7656: checking whether g++ accepts -g
configure:7794: result: yes
configure:7819: checking dependency style of g++
configure:7929: result: gcc3
configure:7952: checking how to run the C++ preprocessor
configure:7988: g++ -E  conftest.cpp
configure:7995: $? = 0
configure:8026: g++ -E  conftest.cpp
conftest.cpp:20:28: fatal error: ac_nonexistent.h: No such file or directory
 #include <ac_nonexistent.h>
                            ^
compilation terminated.
configure:8033: $? = 1
configure: failed program was:
| /* confdefs.h.  */
| #define PACKAGE_NAME ""
| #define PACKAGE_TARNAME ""
| #define PACKAGE_VERSION ""
| #define PACKAGE_STRING ""
| #define PACKAGE_BUGREPORT ""
| #define PACKAGE "mdwn"
| #define VERSION "0.1"
| #define HAVE_SYS_TYPES_H 1
| #define HAVE_SYS_STAT_H 1
| #define HAVE_STDLIB_H 1
| #define HAVE_STRING_H 1
| #define HAVE_MEMORY_H 1
| #define HAVE_STRINGS_H 1
| #define HAVE_INTTYPES_H 1
| #define HAVE_STDINT_H 1
| #define HAVE_UNISTD_H 1
| #define HAVE_DLFCN_H 1
| /* end confdefs.h.  */
| #include <ac_nonexistent.h>
configure:8066: result: g++ -E
configure:8095: g++ -E  conftest.cpp
configure:8102: $? = 0
configure:8133: g++ -E  conftest.cpp
conftest.cpp:20:28: fatal error: ac_nonexistent.h: No such file or directory
 #include <ac_nonexistent.h>
                            ^
compilation terminated.
configure:8140: $? = 1
configure: failed program was:
| /* confdefs.h.  */
| #define PACKAGE_NAME ""
| #define PACKAGE_TARNAME ""
| #define PACKAGE_VERSION ""
| #define PACKAGE_STRING ""
| #define PACKAGE_BUGREPORT ""
| #define PACKAGE "mdwn"
| #define VERSION "0.1"
| #define HAVE_SYS_TYPES_H 1
| #define HAVE_SYS_STAT_H 1
| #define HAVE_STDLIB_H 1
| #define HAVE_STRING_H 1
| #define HAVE_MEMORY_H 1
| #define HAVE_STRINGS_H 1
| #define HAVE_INTTYPES_H 1
| #define HAVE_STDINT_H 1
| #define HAVE_UNISTD_H 1
| #define HAVE_DLFCN_H 1
| /* end confdefs.h.  */
| #include <ac_nonexistent.h>
configure:8354: checking for objdir
configure:8369: result: .libs
configure:8661: checking if /usr/bin/gcc supports -fno-rtti -fno-exceptions
configure:8679: /usr/bin/gcc -c -g -I/usr/include/glib-2.0 -I/usr/lib/x86_64-linux-gnu/glib-2.0/include   -c  -fno-rtti -fno-exceptions conftest.c >&5
cc1: warning: command line option '-fno-rtti' is valid for C++/ObjC++ but not for C [enabled by default]
configure:8683: $? = 0
configure:8696: result: no
configure:8716: checking for /usr/bin/gcc option to produce PIC
configure:8988: result: -fPIC -DPIC
configure:9000: checking if /usr/bin/gcc PIC flag -fPIC -DPIC works
configure:9018: /usr/bin/gcc -c -g -I/usr/include/glib-2.0 -I/usr/lib/x86_64-linux-gnu/glib-2.0/include   -c  -fPIC -DPIC -DPIC conftest.c >&5
configure:9022: $? = 0
configure:9035: result: yes
configure:9059: checking if /usr/bin/gcc static flag -static works
configure:9087: result: yes
configure:9102: checking if /usr/bin/gcc supports -c -o file.o
configure:9123: /usr/bin/gcc -c -g -I/usr/include/glib-2.0 -I/usr/lib/x86_64-linux-gnu/glib-2.0/include   -c  -o out/conftest2.o conftest.c >&5
configure:9127: $? = 0
configure:9149: result: yes
configure:9157: checking if /usr/bin/gcc supports -c -o file.o
configure:9204: result: yes
configure:9237: checking whether the /usr/bin/gcc linker (/usr/bin/ld -m elf_x86_64) supports shared libraries
configure:10311: result: yes
configure:10348: checking whether -lc should be explicitly linked in
configure:10353: /usr/bin/gcc -c -g -I/usr/include/glib-2.0 -I/usr/lib/x86_64-linux-gnu/glib-2.0/include   -c  conftest.c >&5
configure:10356: $? = 0
configure:10371: /usr/bin/gcc -shared conftest.o  -v -Wl,-soname -Wl,conftest -o conftest 2\>\&1 \| /bin/grep  -lc  \>/dev/null 2\>\&1
configure:10374: $? = 0
configure:10386: result: no
configure:10550: checking dynamic linker characteristics
configure:10993: /usr/bin/gcc -o conftest -g -I/usr/include/glib-2.0 -I/usr/lib/x86_64-linux-gnu/glib-2.0/include   -c   -Wl,-rpath -Wl,/foo conftest.c  >&5
configure:11000: $? = 0
configure: failed program was:
| /* confdefs.h.  */
| #define PACKAGE_NAME ""
| #define PACKAGE_TARNAME ""
| #define PACKAGE_VERSION ""
| #define PACKAGE_STRING ""
| #define PACKAGE_BUGREPORT ""
| #define PACKAGE "mdwn"
| #define VERSION "0.1"
| #define HAVE_SYS_TYPES_H 1
| #define HAVE_SYS_STAT_H 1
| #define HAVE_STDLIB_H 1
| #define HAVE_STRING_H 1
| #define HAVE_MEMORY_H 1
| #define HAVE_STRINGS_H 1
| #define HAVE_INTTYPES_H 1
| #define HAVE_STDINT_H 1
| #define HAVE_UNISTD_H 1
| #define HAVE_DLFCN_H 1
| #define LT_OBJDIR ".libs/"
| /* end confdefs.h.  */
| 
| int
| main ()
| {
| 
|   ;
|   return 0;
| }
configure:11236: result: GNU/Linux ld.so
configure:11338: checking how to hardcode library paths into programs
configure:11363: result: immediate
configure:12196: checking whether stripping libraries is possible
configure:12201: result: yes
configure:12236: checking if libtool supports shared libraries
configure:12238: result: yes
configure:12241: checking whether to build shared libraries
configure:12262: result: yes
configure:12265: checking whether to build static libraries
configure:12269: result: yes
configure:12419: checking for ld used by g++
configure:12486: result: /usr/bin/ld -m elf_x86_64
configure:12495: checking if the linker (/usr/bin/ld -m elf_x86_64) is GNU ld
configure:12510: result: yes
configure:12565: checking whether the g++ linker (/usr/bin/ld -m elf_x86_64) supports shared libraries
configure:13540: result: yes
configure:13568: g++ -c -g -O2  conftest.cpp >&5
configure:13571: $? = 0
configure:13753: checking for g++ option to produce PIC
configure:14070: result: -fPIC -DPIC
configure:14079: checking if g++ PIC flag -fPIC -DPIC works
configure:14097: g++ -c -g -O2  -fPIC -DPIC -DPIC conftest.cpp >&5
configure:14101: $? = 0
configure:14114: result: yes
configure:14135: checking if g++ static flag -static works
configure:14163: result: yes
configure:14175: checking if g++ supports -c -o file.o
configure:14196: g++ -c -g -O2  -o out/conftest2.o conftest.cpp >&5
configure:14200: $? = 0
configure:14222: result: yes
configure:14227: checking if g++ supports -c -o file.o
configure:14274: result: yes
configure:14304: checking whether the g++ linker (/usr/bin/ld -m elf_x86_64) supports shared libraries
configure:14330: result: yes
configure:14467: checking dynamic linker characteristics
configure:14858: g++ -o conftest -g -O2   -Wl,-rpath -Wl,/foo conftest.cpp  >&5
configure:14865: $? = 0
configure:15101: result: GNU/Linux ld.so
configure:15152: checking how to hardcode library paths into programs
configure:15177: result: immediate
configure:15378: creating ./config.status

## ---------------------- ##
## Running config.status. ##
## ---------------------- ##

This file was extended by config.status, which was
generated by GNU Autoconf 2.63.  Invocation command line was

  CONFIG_FILES    = 
  CONFIG_HEADERS  = 
  CONFIG_LINKS    = 
  CONFIG_COMMANDS = 
  $ ./config.status 

on saucisse-portable

config.status:1046: creating Makefile
config.status:1046: creating src/Makefile
config.status:1046: creating config.h
config.status:1268: config.h is unchanged
config.status:1320: executing depfiles commands
config.status:1320: executing libtool commands

## ---------------- ##
## Cache variables. ##
## ---------------- ##

ac_cv_build=x86_64-unknown-linux-gnu
ac_cv_c_compiler_gnu=yes
ac_cv_cxx_compiler_gnu=yes
ac_cv_env_CCC_set=
ac_cv_env_CCC_value=
ac_cv_env_CC_set=set
ac_cv_env_CC_value=/usr/bin/gcc
ac_cv_env_CFLAGS_set=set
ac_cv_env_CFLAGS_value='-g -I/usr/include/glib-2.0 -I/usr/lib/x86_64-linux-gnu/glib-2.0/include   -c'
ac_cv_env_CPPFLAGS_set=
ac_cv_env_CPPFLAGS_value=
ac_cv_env_CPP_set=
ac_cv_env_CPP_value=
ac_cv_env_CXXCPP_set=
ac_cv_env_CXXCPP_value=
ac_cv_env_CXXFLAGS_set=
ac_cv_env_CXXFLAGS_value=
ac_cv_env_CXX_set=
ac_cv_env_CXX_value=
ac_cv_env_LDFLAGS_set=
ac_cv_env_LDFLAGS_value=
ac_cv_env_LIBS_set=
ac_cv_env_LIBS_value=
ac_cv_env_build_alias_set=
ac_cv_env_build_alias_value=
ac_cv_env_host_alias_set=
ac_cv_env_host_alias_value=
ac_cv_env_target_alias_set=
ac_cv_env_target_alias_value=
ac_cv_header_dlfcn_h=yes
ac_cv_header_inttypes_h=yes
ac_cv_header_memory_h=yes
ac_cv_header_stdc=no
ac_cv_header_stdint_h=yes
ac_cv_header_stdlib_h=yes
ac_cv_header_string_h=yes
ac_cv_header_strings_h=yes
ac_cv_header_sys_stat_h=yes
ac_cv_header_sys_types_h=yes
ac_cv_header_unistd_h=yes
ac_cv_host=x86_64-unknown-linux-gnu
ac_cv_objext=o
ac_cv_path_EGREP='/bin/grep -E'
ac_cv_path_FGREP='/bin/grep -F'
ac_cv_path_GREP=/bin/grep
ac_cv_path_SED=/bin/sed
ac_cv_path_install='/usr/bin/install -c'
ac_cv_path_mkdir=/bin/mkdir
ac_cv_prog_AWK=mawk
ac_cv_prog_CPP='/usr/bin/gcc -E'
ac_cv_prog_CXXCPP='g++ -E'
ac_cv_prog_ac_ct_AR=ar
ac_cv_prog_ac_ct_CC=/usr/bin/gcc
ac_cv_prog_ac_ct_CXX=g++
ac_cv_prog_ac_ct_OBJDUMP=objdump
ac_cv_prog_ac_ct_RANLIB=ranlib
ac_cv_prog_ac_ct_STRIP=strip
ac_cv_prog_cc_c89=
ac_cv_prog_cc_g=yes
ac_cv_prog_cxx_g=yes
ac_cv_prog_make__usr_bin_make_set=yes
am_cv_CC_dependencies_compiler_type=gcc3
am_cv_CXX_dependencies_compiler_type=gcc3
lt_cv_deplibs_check_method=pass_all
lt_cv_file_magic_cmd='$MAGIC_CMD'
lt_cv_file_magic_test_file=
lt_cv_ld_reload_flag=-r
lt_cv_nm_interface='BSD nm'
lt_cv_objdir=.libs
lt_cv_path_LD=/usr/bin/ld
lt_cv_path_LDCXX='/usr/bin/ld -m elf_x86_64'
lt_cv_path_NM='/usr/bin/nm -B'
lt_cv_prog_compiler_c_o=yes
lt_cv_prog_compiler_c_o_CXX=yes
lt_cv_prog_compiler_pic_works=yes
lt_cv_prog_compiler_pic_works_CXX=yes
lt_cv_prog_compiler_rtti_exceptions=no
lt_cv_prog_compiler_static_works=yes
lt_cv_prog_compiler_static_works_CXX=yes
lt_cv_prog_gnu_ld=yes
lt_cv_prog_gnu_ldcxx=yes
lt_cv_sys_global_symbol_pipe='sed -n -e '\''s/^.*[	 ]\([ABCDGIRSTW][ABCDGIRSTW]*\)[	 ][	 ]*\([_A-Za-z][_A-Za-z0-9]*\)$/\1 \2 \2/p'\'''
lt_cv_sys_global_symbol_to_c_name_address='sed -n -e '\''s/^: \([^ ]*\) $/  {\"\1\", (void *) 0},/p'\'' -e '\''s/^[ABCDGIRSTW]* \([^ ]*\) \([^ ]*\)$/  {"\2", (void *) \&\2},/p'\'''
lt_cv_sys_global_symbol_to_c_name_address_lib_prefix='sed -n -e '\''s/^: \([^ ]*\) $/  {\"\1\", (void *) 0},/p'\'' -e '\''s/^[ABCDGIRSTW]* \([^ ]*\) \(lib[^ ]*\)$/  {"\2", (void *) \&\2},/p'\'' -e '\''s/^[ABCDGIRSTW]* \([^ ]*\) \([^ ]*\)$/  {"lib\2", (void *) \&\2},/p'\'''
lt_cv_sys_global_symbol_to_cdecl='sed -n -e '\''s/^T .* \(.*\)$/extern int \1();/p'\'' -e '\''s/^[ABCDGIRSTW]* .* \(.*\)$/extern char \1;/p'\'''
lt_cv_sys_max_cmd_len=3458764513820540925

## ----------------- ##
## Output variables. ##
## ----------------- ##

ACLOCAL='${SHELL} /home/alinard/local/src/greatspn/SOURCES/WN/SOURCE/MDWN/missing --run aclocal-1.11'
AMDEPBACKSLASH='\'
AMDEP_FALSE='#'
AMDEP_TRUE=''
AMTAR='${SHELL} /home/alinard/local/src/greatspn/SOURCES/WN/SOURCE/MDWN/missing --run tar'
AR='ar'
AUTOCONF='${SHELL} /home/alinard/local/src/greatspn/SOURCES/WN/SOURCE/MDWN/missing --run autoconf'
AUTOHEADER='${SHELL} /home/alinard/local/src/greatspn/SOURCES/WN/SOURCE/MDWN/missing --run autoheader'
AUTOMAKE='${SHELL} /home/alinard/local/src/greatspn/SOURCES/WN/SOURCE/MDWN/missing --run automake-1.11'
AWK='mawk'
CC='/usr/bin/gcc'
CCDEPMODE='depmode=gcc3'
CFLAGS='-g -I/usr/include/glib-2.0 -I/usr/lib/x86_64-linux-gnu/glib-2.0/include   -c'
CPP='/usr/bin/gcc -E'
CPPFLAGS=''
CXX='g++'
CXXCPP='g++ -E'
CXXDEPMODE='depmode=gcc3'
CXXFLAGS='-g -O2'
CYGPATH_W='echo'
DEFS='-DHAVE_CONFIG_H'
DEPDIR='.deps'
DSYMUTIL=''
DUMPBIN=''
ECHO_C=''
ECHO_N='-n'
ECHO_T=''
EGREP='/bin/grep -E'
EXEEXT=''
FGREP='/bin/grep -F'
GREP='/bin/grep'
INSTALL_DATA='${INSTALL} -m 644'
INSTALL_PROGRAM='${INSTALL}'
INSTALL_SCRIPT='${INSTALL}'
INSTALL_STRIP_PROGRAM='$(install_sh) -c -s'
LD='/usr/bin/ld -m elf_x86_64'
LDFLAGS=''
LIBOBJS=''
LIBS=''
LIBTOOL='$(SHELL) /usr/bin/libtool'
LIPO=''
LN_S='ln -s'
LTLIBOBJS=''
MAKEINFO='${SHELL} /home/alinard/local/src/greatspn/SOURCES/WN/SOURCE/MDWN/missing --run makeinfo'
MKDIR_P='/bin/mkdir -p'
NM='/usr/bin/nm -B'
NMEDIT=''
OBJDUMP='objdump'
OBJEXT='o'
OTOOL64=''
OTOOL=''
PACKAGE='mdwn'
PACKAGE_BUGREPORT=''
PACKAGE_NAME=''
PACKAGE_STRING=''
PACKAGE_TARNAME=''
PACKAGE_VERSION=''
PATHL='x86_64_R3.13-1-amd64'
PATH_SEPARATOR=':'
RANLIB='ranlib'
SED='/bin/sed'
SET_MAKE=''
SHELL='/bin/bash'
STRIP='strip'
VERSION='0.1'
ac_ct_CC='/usr/bin/gcc'
ac_ct_CXX='g++'
ac_ct_DUMPBIN=''
am__EXEEXT_FALSE=''
am__EXEEXT_TRUE='#'
am__fastdepCC_FALSE='#'
am__fastdepCC_TRUE=''
am__fastdepCXX_FALSE='#'
am__fastdepCXX_TRUE=''
am__include='include'
am__isrc=''
am__leading_dot='.'
am__quote=''
am__tar='${AMTAR} chof - "$$tardir"'
am__untar='${AMTAR} xf -'
bindir='${exec_prefix}/bin'
build='x86_64-unknown-linux-gnu'
build_alias=''
build_cpu='x86_64'
build_os='linux-gnu'
build_vendor='unknown'
datadir='${datarootdir}'
datarootdir='${prefix}/share'
docdir='${datarootdir}/doc/${PACKAGE}'
dvidir='${docdir}'
exec_prefix='${prefix}'
host='x86_64-unknown-linux-gnu'
host_alias=''
host_cpu='x86_64'
host_os='linux-gnu'
host_vendor='unknown'
htmldir='${docdir}'
includedir='${prefix}/include'
infodir='${datarootdir}/info'
install_sh='${SHELL} /home/alinard/local/src/greatspn/SOURCES/WN/SOURCE/MDWN/install-sh'
libdir='${exec_prefix}/lib'
libexecdir='${exec_prefix}/libexec'
localedir='${datarootdir}/locale'
localstatedir='${prefix}/var'
lt_ECHO='echo'
mandir='${datarootdir}/man'
mkdir_p='/bin/mkdir -p'
oldincludedir='/usr/include'
pdfdir='${docdir}'
prefix='/usr/local'
program_transform_name='s,x,x,'
psdir='${docdir}'
sbindir='${exec_prefix}/sbin'
sharedstatedir='${prefix}/com'
sysconfdir='${prefix}/etc'
target_alias=''

## ----------- ##
## confdefs.h. ##
## ----------- ##

#define PACKAGE_NAME ""
#define PACKAGE_TARNAME ""
#define PACKAGE_VERSION ""
#define PACKAGE_STRING ""
#define PACKAGE_BUGREPORT ""
#define PACKAGE "mdwn"
#define VERSION "0.1"
#define HAVE_SYS_TYPES_H 1
#define HAVE_SYS_STAT_H 1
#define HAVE_STDLIB_H 1
#define HAVE_STRING_H 1
#define HAVE_MEMORY_H 1
#define HAVE_STRINGS_H 1
#define HAVE_INTTYPES_H 1
#define HAVE_STDINT_H 1
#define HAVE_UNISTD_H 1
#define HAVE_DLFCN_H 1
#define LT_OBJDIR ".libs/"

configure: exit 0

## ---------------------- ##
## Running config.status. ##
## ---------------------- ##

This file was extended by config.status, which was
generated by GNU Autoconf 2.63.  Invocation command line was

  CONFIG_FILES    = 
  CONFIG_HEADERS  = 
  CONFIG_LINKS    = 
  CONFIG_COMMANDS = 
  $ ./config.status Makefile

on saucisse-portable

config.status:1046: creating Makefile

## ---------------------- ##
## Running config.status. ##
## ---------------------- ##

This file was extended by config.status, which was
generated by GNU Autoconf 2.63.  Invocation command line was

  CONFIG_FILES    = 
  CONFIG_HEADERS  = 
  CONFIG_LINKS    = 
  CONFIG_COMMANDS = 
  $ ./config.status src/Makefile depfiles

on saucisse-portable

config.status:1046: creating src/Makefile
config.status:1320: executing depfiles commands
